app/build/intermediates/manifest_merge_blame_file/debug/manifest-merger-blame-debug-report.txt
1<?xml version="1.0" encoding="utf-8"?>
2<manifest xmlns:android="http://schemas.android.com/apk/res/android"
3    package="com.example.hrdtool"
4    android:versionCode="1"
5    android:versionName="1.0" >
6
7    <uses-sdk
8        android:minSdkVersion="28"
8-->src\main\AndroidManifest.xml
9        android:targetSdkVersion="28" />
9-->src\main\AndroidManifest.xml
10
11    <uses-permission android:name="com.google.android.c2dm.permission.RECEIVE" />
11-->src\main\AndroidManifest.xml:6:5-82
11-->src\main\AndroidManifest.xml:6:22-79
12    <uses-permission android:name="android.permission.WAKE_LOCK" />
12-->src\main\AndroidManifest.xml:7:5-68
12-->src\main\AndroidManifest.xml:7:22-65
13    <uses-permission android:name="android.permission.ACCESS_NETWORK_STATE" />
13-->src\main\AndroidManifest.xml:8:5-78
13-->src\main\AndroidManifest.xml:8:22-76
14    <uses-permission android:name="android.permission.INTERNET" />
14-->src\main\AndroidManifest.xml:9:5-67
14-->src\main\AndroidManifest.xml:9:22-64
15    <uses-permission android:name="android.permission.RECEIVE_BOOT_COMPLETED" />
15-->src\main\AndroidManifest.xml:10:5-80
15-->src\main\AndroidManifest.xml:10:22-78
16
17    <application
17-->src\main\AndroidManifest.xml:11:5-30:19
18        android:allowBackup="true"
18-->src\main\AndroidManifest.xml:12:9-35
19        android:appComponentFactory="androidx.core.app.CoreComponentFactory"
19-->[androidx.core:core:1.1.0] AndroidManifest.xml:24:18-86
20        android:debuggable="true"
21        android:icon="@mipmap/ic_launcher"
21-->src\main\AndroidManifest.xml:13:9-43
22        android:label="@string/app_name"
22-->src\main\AndroidManifest.xml:14:9-41
23        android:roundIcon="@mipmap/ic_launcher_round"
23-->src\main\AndroidManifest.xml:15:9-54
24        android:supportsRtl="true"
24-->src\main\AndroidManifest.xml:16:9-35
25        android:theme="@style/AppTheme"
25-->src\main\AndroidManifest.xml:17:9-40
26        android:usesCleartextTraffic="true" >
26-->src\main\AndroidManifest.xml:18:9-44
27        <activity android:name="com.example.hrdtool.MainActivity" >
27-->src\main\AndroidManifest.xml:20:9-26:20
27-->src\main\AndroidManifest.xml:20:19-46
28            <intent-filter>
28-->src\main\AndroidManifest.xml:21:13-25:29
29                <action android:name="android.intent.action.MAIN" />
29-->src\main\AndroidManifest.xml:22:17-69
29-->src\main\AndroidManifest.xml:22:25-66
30
31                <category android:name="android.intent.category.LAUNCHER" />
31-->src\main\AndroidManifest.xml:24:17-77
31-->src\main\AndroidManifest.xml:24:27-74
32            </intent-filter>
33        </activity>
34
35        <service
35-->src\main\AndroidManifest.xml:27:9-29:71
36            android:name="com.example.hrdtool.DataSendingService"
36-->src\main\AndroidManifest.xml:28:13-47
37            android:permission="android.permission.BIND_JOB_SERVICE" />
37-->src\main\AndroidManifest.xml:29:13-69
38        <!-- The activity will be merged into the manifest of the hosting app. -->
39        <activity
39-->[com.google.android.play:core:1.6.4] AndroidManifest.xml:8:5-271
40            android:name="com.google.android.play.core.missingsplits.PlayCoreMissingSplitsActivity"
40-->[com.google.android.play:core:1.6.4] AndroidManifest.xml:8:15-102
41            android:enabled="false"
41-->[com.google.android.play:core:1.6.4] AndroidManifest.xml:8:103-126
42            android:exported="false"
42-->[com.google.android.play:core:1.6.4] AndroidManifest.xml:8:127-151
43            android:launchMode="singleInstance"
43-->[com.google.android.play:core:1.6.4] AndroidManifest.xml:8:204-239
44            android:process=":playcore_missing_splits_activity"
44-->[com.google.android.play:core:1.6.4] AndroidManifest.xml:8:152-203
45            android:stateNotNeeded="true" />
45-->[com.google.android.play:core:1.6.4] AndroidManifest.xml:8:240-269
46        <activity
46-->[com.google.android.play:core:1.6.4] AndroidManifest.xml:9:5-278
47            android:name="com.google.android.play.core.common.PlayCoreDialogWrapperActivity"
47-->[com.google.android.play:core:1.6.4] AndroidManifest.xml:9:15-95
48            android:enabled="false"
48-->[com.google.android.play:core:1.6.4] AndroidManifest.xml:9:96-119
49            android:exported="false"
49-->[com.google.android.play:core:1.6.4] AndroidManifest.xml:9:120-144
50            android:process=":playcore_dialog_wrapper_activity"
50-->[com.google.android.play:core:1.6.4] AndroidManifest.xml:9:175-226
51            android:stateNotNeeded="true"
51-->[com.google.android.play:core:1.6.4] AndroidManifest.xml:9:145-174
52            android:theme="@style/Theme.PlayCore.Transparent" />
52-->[com.google.android.play:core:1.6.4] AndroidManifest.xml:9:227-276
53    </application>
54
55</manifest>